
optiboot_atmega328.elf:     file format elf32-avr

Sections:
Idx Name          Size      VMA       LMA       File off  Algn
  0 .text         000001b2  00007e00  00007e00  00000074  2**1
                  CONTENTS, ALLOC, LOAD, READONLY, CODE
  1 .version      00000002  00007ffe  00007ffe  00000226  2**0
                  CONTENTS, ALLOC, LOAD, READONLY, DATA
  2 .debug_aranges 00000028  00000000  00000000  00000228  2**0
                  CONTENTS, READONLY, DEBUGGING
  3 .debug_pubnames 00000074  00000000  00000000  00000250  2**0
                  CONTENTS, READONLY, DEBUGGING
  4 .debug_info   000003a0  00000000  00000000  000002c4  2**0
                  CONTENTS, READONLY, DEBUGGING
  5 .debug_abbrev 000001d0  00000000  00000000  00000664  2**0
                  CONTENTS, READONLY, DEBUGGING
  6 .debug_line   000003f0  00000000  00000000  00000834  2**0
                  CONTENTS, READONLY, DEBUGGING
  7 .debug_frame  00000080  00000000  00000000  00000c24  2**2
                  CONTENTS, READONLY, DEBUGGING
  8 .debug_str    00000186  00000000  00000000  00000ca4  2**0
                  CONTENTS, READONLY, DEBUGGING
  9 .debug_loc    000002ed  00000000  00000000  00000e2a  2**0
                  CONTENTS, READONLY, DEBUGGING
 10 .debug_ranges 000000b8  00000000  00000000  00001117  2**0
                  CONTENTS, READONLY, DEBUGGING

Disassembly of section .text:

00007e00 <main>:
#define wdtVect (*(uint16_t*)(RAMSTART+SPM_PAGESIZE*2+6))
#endif


/* main program starts here */
int main(void) {
    7e00:	11 24       	eor	r1, r1
   * modified Adaboot no-wait mod.
   * Pass the reset reason to app.  Also, it appears that an Uno poweron
   * can leave multiple reset flags set; we only want the bootloader to
   * run on an 'external reset only' status
   */
  ch = MCUSR;
    7e02:	94 b7       	in	r25, 0x34	; 52
  MCUSR = 0;
    7e04:	14 be       	out	0x34, r1	; 52
  if (ch & (_BV(WDRF) | _BV(BORF) | _BV(PORF)))
    7e06:	89 2f       	mov	r24, r25
    7e08:	8d 70       	andi	r24, 0x0D	; 13
    7e0a:	11 f0       	breq	.+4      	; 0x7e10 <main+0x10>
      appStart(ch);
    7e0c:	89 2f       	mov	r24, r25
    7e0e:	cb d0       	rcall	.+406    	; 0x7fa6 <appStart>
  UCSRA = _BV(U2X); //Double speed mode USART
  UCSRB = _BV(RXEN) | _BV(TXEN);  // enable Rx & Tx
  UCSRC = _BV(URSEL) | _BV(UCSZ1) | _BV(UCSZ0);  // config USART; 8N1
  UBRRL = (uint8_t)( (F_CPU + BAUD_RATE * 4L) / (BAUD_RATE * 8L) - 1 );
#else
  UART_SRA = _BV(U2X0); //Double speed mode USART0
    7e10:	82 e0       	ldi	r24, 0x02	; 2
    7e12:	80 93 c0 00 	sts	0x00C0, r24
  UART_SRB = _BV(RXEN0) | _BV(TXEN0);
    7e16:	88 e1       	ldi	r24, 0x18	; 24
    7e18:	80 93 c1 00 	sts	0x00C1, r24
  UART_SRC = _BV(UCSZ00) | _BV(UCSZ01);
    7e1c:	86 e0       	ldi	r24, 0x06	; 6
    7e1e:	80 93 c2 00 	sts	0x00C2, r24
  UART_SRL = (uint8_t)( (F_CPU + BAUD_RATE * 4L) / (BAUD_RATE * 8L) - 1 );
    7e22:	87 e6       	ldi	r24, 0x67	; 103
    7e24:	80 93 c4 00 	sts	0x00C4, r24
#endif
#endif

  // Set up watchdog to trigger after 500ms
  watchdogConfig(WATCHDOG_1S);
    7e28:	8e e0       	ldi	r24, 0x0E	; 14
    7e2a:	a7 d0       	rcall	.+334    	; 0x7f7a <watchdogConfig>
    7e2c:	ee 24       	eor	r14, r14
    7e2e:	ff 24       	eor	r15, r15
	     * Start the page erase and wait for it to finish.  There
	     * used to be code to do this while receiving the data over
	     * the serial link, but the performance improvement was slight,
	     * and we needed the space back.
	     */
	    __boot_page_erase_short((uint16_t)(void*)address);
    7e30:	b3 e0       	ldi	r27, 0x03	; 3
    7e32:	ab 2e       	mov	r10, r27
	     */
	    do {
		uint16_t a;
		a = *bufPtr++;
		a |= (*bufPtr++) << 8;
		__boot_page_fill_short((uint16_t)(void*)addrPtr,a);
    7e34:	bb 24       	eor	r11, r11
    7e36:	b3 94       	inc	r11
	    } while (len -= 2);

	    /*
	     * Actually Write the buffer to flash (and wait for it to finish.)
	     */
	    __boot_page_write_short((uint16_t)(void*)address);
    7e38:	a5 e0       	ldi	r26, 0x05	; 5
    7e3a:	da 2e       	mov	r13, r26
	    boot_spm_busy_wait();
#if defined(RWWSRE)
	    // Reenable read access to flash
	    boot_rww_enable();
    7e3c:	f1 e1       	ldi	r31, 0x11	; 17
    7e3e:	cf 2e       	mov	r12, r31
#endif

  /* Forever loop: exits by causing WDT reset */
  for (;;) {
    /* get character from UART */
    ch = getch();
    7e40:	90 d0       	rcall	.+288    	; 0x7f62 <getch>

    if(ch == STK_GET_PARAMETER) {
    7e42:	81 34       	cpi	r24, 0x41	; 65
    7e44:	71 f4       	brne	.+28     	; 0x7e62 <main+0x62>
      unsigned char which = getch();
    7e46:	8d d0       	rcall	.+282    	; 0x7f62 <getch>
    7e48:	08 2f       	mov	r16, r24
      verifySpace();
    7e4a:	9d d0       	rcall	.+314    	; 0x7f86 <verifySpace>
      /*
       * Send optiboot version as "SW version"
       * Note that the references to memory are optimized away.
       */
      if (which == 0x82) {
    7e4c:	02 38       	cpi	r16, 0x82	; 130
    7e4e:	11 f4       	brne	.+4      	; 0x7e54 <main+0x54>
	  putch(optiboot_version & 0xFF);
    7e50:	82 e0       	ldi	r24, 0x02	; 2
    7e52:	05 c0       	rjmp	.+10     	; 0x7e5e <main+0x5e>
      } else if (which == 0x81) {
    7e54:	01 38       	cpi	r16, 0x81	; 129
    7e56:	11 f4       	brne	.+4      	; 0x7e5c <main+0x5c>
	  putch(optiboot_version >> 8);
    7e58:	86 e0       	ldi	r24, 0x06	; 6
    7e5a:	01 c0       	rjmp	.+2      	; 0x7e5e <main+0x5e>
      } else {
	/*
	 * GET PARAMETER returns a generic 0x03 reply for
         * other parameters - enough to keep Avrdude happy
	 */
	putch(0x03);
    7e5c:	83 e0       	ldi	r24, 0x03	; 3
    7e5e:	79 d0       	rcall	.+242    	; 0x7f52 <putch>
    7e60:	75 c0       	rjmp	.+234    	; 0x7f4c <main+0x14c>
      }
    }
    else if(ch == STK_SET_DEVICE) {
    7e62:	82 34       	cpi	r24, 0x42	; 66
    7e64:	11 f4       	brne	.+4      	; 0x7e6a <main+0x6a>
      // SET DEVICE is ignored
      getNch(20);
    7e66:	84 e1       	ldi	r24, 0x14	; 20
    7e68:	03 c0       	rjmp	.+6      	; 0x7e70 <main+0x70>
    }
    else if(ch == STK_SET_DEVICE_EXT) {
    7e6a:	85 34       	cpi	r24, 0x45	; 69
    7e6c:	19 f4       	brne	.+6      	; 0x7e74 <main+0x74>
      // SET DEVICE EXT is ignored
      getNch(5);
    7e6e:	85 e0       	ldi	r24, 0x05	; 5
    7e70:	92 d0       	rcall	.+292    	; 0x7f96 <getNch>
    7e72:	6c c0       	rjmp	.+216    	; 0x7f4c <main+0x14c>
    }
    else if(ch == STK_LOAD_ADDRESS) {
    7e74:	85 35       	cpi	r24, 0x55	; 85
    7e76:	79 f4       	brne	.+30     	; 0x7e96 <main+0x96>
      // LOAD ADDRESS
      uint16_t newAddress;
      newAddress = getch();
    7e78:	74 d0       	rcall	.+232    	; 0x7f62 <getch>
      newAddress = (newAddress & 0xff) | (getch() << 8);
    7e7a:	e8 2e       	mov	r14, r24
    7e7c:	ff 24       	eor	r15, r15
    7e7e:	71 d0       	rcall	.+226    	; 0x7f62 <getch>
    7e80:	08 2f       	mov	r16, r24
    7e82:	10 e0       	ldi	r17, 0x00	; 0
    7e84:	10 2f       	mov	r17, r16
    7e86:	00 27       	eor	r16, r16
    7e88:	0e 29       	or	r16, r14
    7e8a:	1f 29       	or	r17, r15
#ifdef RAMPZ
      // Transfer top bit to RAMPZ
      RAMPZ = (newAddress & 0x8000) ? 1 : 0;
#endif
      newAddress += newAddress; // Convert from word address to byte address
    7e8c:	00 0f       	add	r16, r16
    7e8e:	11 1f       	adc	r17, r17
      address = newAddress;
      verifySpace();
    7e90:	7a d0       	rcall	.+244    	; 0x7f86 <verifySpace>
    7e92:	78 01       	movw	r14, r16
    7e94:	5b c0       	rjmp	.+182    	; 0x7f4c <main+0x14c>
    }
    else if(ch == STK_UNIVERSAL) {
    7e96:	86 35       	cpi	r24, 0x56	; 86
    7e98:	21 f4       	brne	.+8      	; 0x7ea2 <main+0xa2>
      // UNIVERSAL command is ignored
      getNch(4);
    7e9a:	84 e0       	ldi	r24, 0x04	; 4
    7e9c:	7c d0       	rcall	.+248    	; 0x7f96 <getNch>
      putch(0x00);
    7e9e:	80 e0       	ldi	r24, 0x00	; 0
    7ea0:	de cf       	rjmp	.-68     	; 0x7e5e <main+0x5e>
    }
    /* Write memory, length is big endian and is in bytes */
    else if(ch == STK_PROG_PAGE) {
    7ea2:	84 36       	cpi	r24, 0x64	; 100
    7ea4:	09 f0       	breq	.+2      	; 0x7ea8 <main+0xa8>
    7ea6:	35 c0       	rjmp	.+106    	; 0x7f12 <main+0x112>
      // PROGRAM PAGE - we support flash programming only, not EEPROM
      uint8_t desttype;
      uint8_t *bufPtr;
      pagelen_t savelength;

      GETLENGTH(length);
    7ea8:	5c d0       	rcall	.+184    	; 0x7f62 <getch>
    7eaa:	5b d0       	rcall	.+182    	; 0x7f62 <getch>
    7eac:	18 2f       	mov	r17, r24
      savelength = length;
      desttype = getch();
    7eae:	59 d0       	rcall	.+178    	; 0x7f62 <getch>
    7eb0:	08 2f       	mov	r16, r24
    7eb2:	c0 e0       	ldi	r28, 0x00	; 0
    7eb4:	d1 e0       	ldi	r29, 0x01	; 1

      // read a page worth of contents
      bufPtr = buff;
      do *bufPtr++ = getch();
    7eb6:	55 d0       	rcall	.+170    	; 0x7f62 <getch>
    7eb8:	89 93       	st	Y+, r24
      while (--length);
    7eba:	1c 17       	cp	r17, r28
    7ebc:	e1 f7       	brne	.-8      	; 0x7eb6 <main+0xb6>

      // Read command terminator, start reply
      verifySpace();
    7ebe:	63 d0       	rcall	.+198    	; 0x7f86 <verifySpace>
 * void writebuffer(memtype, buffer, address, length)
 */
static inline void writebuffer(int8_t memtype, uint8_t *mybuff,
			       uint16_t address, pagelen_t len)
{
    switch (memtype) {
    7ec0:	05 34       	cpi	r16, 0x45	; 69
    7ec2:	09 f4       	brne	.+2      	; 0x7ec6 <main+0xc6>
    7ec4:	ff cf       	rjmp	.-2      	; 0x7ec4 <main+0xc4>
	     * Start the page erase and wait for it to finish.  There
	     * used to be code to do this while receiving the data over
	     * the serial link, but the performance improvement was slight,
	     * and we needed the space back.
	     */
	    __boot_page_erase_short((uint16_t)(void*)address);
    7ec6:	f7 01       	movw	r30, r14
    7ec8:	a7 be       	out	0x37, r10	; 55
    7eca:	e8 95       	spm
	    boot_spm_busy_wait();
    7ecc:	07 b6       	in	r0, 0x37	; 55
    7ece:	00 fc       	sbrc	r0, 0
    7ed0:	fd cf       	rjmp	.-6      	; 0x7ecc <main+0xcc>
    7ed2:	a7 01       	movw	r20, r14
    7ed4:	a0 e0       	ldi	r26, 0x00	; 0
    7ed6:	b1 e0       	ldi	r27, 0x01	; 1
	    /*
	     * Copy data from the buffer into the flash write buffer.
	     */
	    do {
		uint16_t a;
		a = *bufPtr++;
    7ed8:	2c 91       	ld	r18, X
    7eda:	30 e0       	ldi	r19, 0x00	; 0
		a |= (*bufPtr++) << 8;
    7edc:	11 96       	adiw	r26, 0x01	; 1
    7ede:	8c 91       	ld	r24, X
    7ee0:	11 97       	sbiw	r26, 0x01	; 1
    7ee2:	90 e0       	ldi	r25, 0x00	; 0
    7ee4:	98 2f       	mov	r25, r24
    7ee6:	88 27       	eor	r24, r24
    7ee8:	82 2b       	or	r24, r18
    7eea:	93 2b       	or	r25, r19
#define wdtVect (*(uint16_t*)(RAMSTART+SPM_PAGESIZE*2+6))
#endif


/* main program starts here */
int main(void) {
    7eec:	12 96       	adiw	r26, 0x02	; 2
	     */
	    do {
		uint16_t a;
		a = *bufPtr++;
		a |= (*bufPtr++) << 8;
		__boot_page_fill_short((uint16_t)(void*)addrPtr,a);
    7eee:	fa 01       	movw	r30, r20
    7ef0:	0c 01       	movw	r0, r24
    7ef2:	b7 be       	out	0x37, r11	; 55
    7ef4:	e8 95       	spm
    7ef6:	11 24       	eor	r1, r1
		addrPtr += 2;
    7ef8:	4e 5f       	subi	r20, 0xFE	; 254
    7efa:	5f 4f       	sbci	r21, 0xFF	; 255
	    } while (len -= 2);
    7efc:	1a 17       	cp	r17, r26
    7efe:	61 f7       	brne	.-40     	; 0x7ed8 <main+0xd8>

	    /*
	     * Actually Write the buffer to flash (and wait for it to finish.)
	     */
	    __boot_page_write_short((uint16_t)(void*)address);
    7f00:	f7 01       	movw	r30, r14
    7f02:	d7 be       	out	0x37, r13	; 55
    7f04:	e8 95       	spm
	    boot_spm_busy_wait();
    7f06:	07 b6       	in	r0, 0x37	; 55
    7f08:	00 fc       	sbrc	r0, 0
    7f0a:	fd cf       	rjmp	.-6      	; 0x7f06 <main+0x106>
#if defined(RWWSRE)
	    // Reenable read access to flash
	    boot_rww_enable();
    7f0c:	c7 be       	out	0x37, r12	; 55
    7f0e:	e8 95       	spm
    7f10:	1d c0       	rjmp	.+58     	; 0x7f4c <main+0x14c>
      writebuffer(desttype, buff, address, savelength);


    }
    /* Read memory block mode, length is big endian.  */
    else if(ch == STK_READ_PAGE) {
    7f12:	84 37       	cpi	r24, 0x74	; 116
    7f14:	69 f4       	brne	.+26     	; 0x7f30 <main+0x130>
      uint8_t desttype;
      GETLENGTH(length);
    7f16:	25 d0       	rcall	.+74     	; 0x7f62 <getch>
    7f18:	24 d0       	rcall	.+72     	; 0x7f62 <getch>
    7f1a:	08 2f       	mov	r16, r24

      desttype = getch();
    7f1c:	22 d0       	rcall	.+68     	; 0x7f62 <getch>

      verifySpace();
    7f1e:	33 d0       	rcall	.+102    	; 0x7f86 <verifySpace>
    7f20:	e7 01       	movw	r28, r14
	    __asm__ ("elpm %0,Z+\n" : "=r" (ch), "=z" (address): "1" (address));
#else
	    // read a Flash byte and increment the address
	    __asm__ ("lpm %0,Z+\n" : "=r" (ch), "=z" (address): "1" (address));
#endif
	    putch(ch);
    7f22:	fe 01       	movw	r30, r28
    7f24:	85 91       	lpm	r24, Z+
    7f26:	ef 01       	movw	r28, r30
    7f28:	14 d0       	rcall	.+40     	; 0x7f52 <putch>
	} while (--length);
    7f2a:	01 50       	subi	r16, 0x01	; 1
    7f2c:	d1 f7       	brne	.-12     	; 0x7f22 <main+0x122>
    7f2e:	0e c0       	rjmp	.+28     	; 0x7f4c <main+0x14c>
	  
      read_mem(desttype, address, length);
    }

    /* Get device signature bytes  */
    else if(ch == STK_READ_SIGN) {
    7f30:	85 37       	cpi	r24, 0x75	; 117
    7f32:	39 f4       	brne	.+14     	; 0x7f42 <main+0x142>
      // READ SIGN - return what Avrdude wants to hear
      verifySpace();
    7f34:	28 d0       	rcall	.+80     	; 0x7f86 <verifySpace>
      putch(SIGNATURE_0);
    7f36:	8e e1       	ldi	r24, 0x1E	; 30
    7f38:	0c d0       	rcall	.+24     	; 0x7f52 <putch>
      putch(SIGNATURE_1);
    7f3a:	85 e9       	ldi	r24, 0x95	; 149
    7f3c:	0a d0       	rcall	.+20     	; 0x7f52 <putch>
      putch(SIGNATURE_2);
    7f3e:	8f e0       	ldi	r24, 0x0F	; 15
    7f40:	8e cf       	rjmp	.-228    	; 0x7e5e <main+0x5e>
    }
    else if (ch == STK_LEAVE_PROGMODE) { /* 'Q' */
    7f42:	81 35       	cpi	r24, 0x51	; 81
    7f44:	11 f4       	brne	.+4      	; 0x7f4a <main+0x14a>
      // Adaboot no-wait mod
      watchdogConfig(WATCHDOG_16MS);
    7f46:	88 e0       	ldi	r24, 0x08	; 8
    7f48:	18 d0       	rcall	.+48     	; 0x7f7a <watchdogConfig>
      verifySpace();
    }
    else {
      // This covers the response to commands like STK_ENTER_PROGMODE
      verifySpace();
    7f4a:	1d d0       	rcall	.+58     	; 0x7f86 <verifySpace>
    }
    putch(STK_OK);
    7f4c:	80 e1       	ldi	r24, 0x10	; 16
    7f4e:	01 d0       	rcall	.+2      	; 0x7f52 <putch>
    7f50:	77 cf       	rjmp	.-274    	; 0x7e40 <main+0x40>

00007f52 <putch>:
  }
}

void putch(char ch) {
    7f52:	98 2f       	mov	r25, r24
#ifndef SOFT_UART
  while (!(UART_SRA & _BV(UDRE0)));
    7f54:	80 91 c0 00 	lds	r24, 0x00C0
    7f58:	85 ff       	sbrs	r24, 5
    7f5a:	fc cf       	rjmp	.-8      	; 0x7f54 <putch+0x2>
  UART_UDR = ch;
    7f5c:	90 93 c6 00 	sts	0x00C6, r25
      [uartBit] "I" (UART_TX_BIT)
    :
      "r25"
  );
#endif
}
    7f60:	08 95       	ret

00007f62 <getch>:
      [uartBit] "I" (UART_RX_BIT)
    :
      "r25"
);
#else
  while(!(UART_SRA & _BV(RXC0)))
    7f62:	80 91 c0 00 	lds	r24, 0x00C0
    7f66:	87 ff       	sbrs	r24, 7
    7f68:	fc cf       	rjmp	.-8      	; 0x7f62 <getch>
    ;
  if (!(UART_SRA & _BV(FE0))) {
    7f6a:	80 91 c0 00 	lds	r24, 0x00C0
    7f6e:	84 fd       	sbrc	r24, 4
    7f70:	01 c0       	rjmp	.+2      	; 0x7f74 <getch+0x12>
}
#endif

// Watchdog functions. These are only safe with interrupts turned off.
void watchdogReset() {
  __asm__ __volatile__ (
    7f72:	a8 95       	wdr
       * don't care that an invalid char is returned...)
       */
    watchdogReset();
  }
  
  ch = UART_UDR;
    7f74:	80 91 c6 00 	lds	r24, 0x00C6
  LED_PIN |= _BV(LED);
#endif
#endif

  return ch;
}
    7f78:	08 95       	ret

00007f7a <watchdogConfig>:
    "wdr\n"
  );
}

void watchdogConfig(uint8_t x) {
  WDTCSR = _BV(WDCE) | _BV(WDE);
    7f7a:	e0 e6       	ldi	r30, 0x60	; 96
    7f7c:	f0 e0       	ldi	r31, 0x00	; 0
    7f7e:	98 e1       	ldi	r25, 0x18	; 24
    7f80:	90 83       	st	Z, r25
  WDTCSR = x;
    7f82:	80 83       	st	Z, r24
}
    7f84:	08 95       	ret

00007f86 <verifySpace>:
  do getch(); while (--count);
  verifySpace();
}

void verifySpace() {
  if (getch() != CRC_EOP) {
    7f86:	ed df       	rcall	.-38     	; 0x7f62 <getch>
    7f88:	80 32       	cpi	r24, 0x20	; 32
    7f8a:	19 f0       	breq	.+6      	; 0x7f92 <verifySpace+0xc>
    watchdogConfig(WATCHDOG_16MS);    // shorten WD timeout
    7f8c:	88 e0       	ldi	r24, 0x08	; 8
    7f8e:	f5 df       	rcall	.-22     	; 0x7f7a <watchdogConfig>
    7f90:	ff cf       	rjmp	.-2      	; 0x7f90 <verifySpace+0xa>
    while (1)			      // and busy-loop so that WD causes
      ;				      //  a reset and app start.
  }
  putch(STK_INSYNC);
    7f92:	84 e1       	ldi	r24, 0x14	; 20
}
    7f94:	de cf       	rjmp	.-68     	; 0x7f52 <putch>

00007f96 <getNch>:
    ::[count] "M" (UART_B_VALUE)
  );
}
#endif

void getNch(uint8_t count) {
    7f96:	1f 93       	push	r17
    7f98:	18 2f       	mov	r17, r24
  do getch(); while (--count);
    7f9a:	e3 df       	rcall	.-58     	; 0x7f62 <getch>
    7f9c:	11 50       	subi	r17, 0x01	; 1
    7f9e:	e9 f7       	brne	.-6      	; 0x7f9a <getNch+0x4>
  verifySpace();
    7fa0:	f2 df       	rcall	.-28     	; 0x7f86 <verifySpace>
}
    7fa2:	1f 91       	pop	r17
    7fa4:	08 95       	ret

00007fa6 <appStart>:

void appStart(uint8_t rstFlags) {
  // save the reset flags in the designated register
  //  This can be saved in a main program by putting code in .init0 (which
  //  executes before normal c init code) to save R2 to a global variable.
  __asm__ __volatile__ ("mov r2, %0\n" :: "r" (rstFlags));
    7fa6:	28 2e       	mov	r2, r24

  watchdogConfig(WATCHDOG_OFF);
    7fa8:	80 e0       	ldi	r24, 0x00	; 0
    7faa:	e7 df       	rcall	.-50     	; 0x7f7a <watchdogConfig>
  __asm__ __volatile__ (
    7fac:	ee 27       	eor	r30, r30
    7fae:	ff 27       	eor	r31, r31
    7fb0:	09 94       	ijmp
